C51 COMPILER V9.59.0.0   ____                                                              04/09/2019 11:25:13 PAGE 1   


C51 COMPILER V9.59.0.0, COMPILATION OF MODULE ____
OBJECT MODULE PLACED IN .\Objects\点灯.obj
COMPILER INVOKED BY: E:\software_part2\MDK\C51\BIN\C51.EXE 点灯.c OPTIMIZE(8,SPEED) BROWSE DEBUG OBJECTEXTEND PRINT(.\Li
                    -stings\点灯.lst) OBJECT(.\Objects\点灯.obj)

line level    source

   1          #include<reg52.h>
   2          #include<intrins.h>
   3          unsigned char deng[] = 
   4          {
   5                  0xfe,
   6                  0xfc,
   7                  0xf8,
   8                  0xf0,
   9                  0xe0,
  10                  0xc0,
  11                  0x80,
  12                  0x00
  13          };
  14          void delay(int x)
  15          {
  16   1              int i,j;
  17   1              for(i= x;i > 0;i --)
  18   1                      for(j = 114;j > 0;j --);
  19   1      }
  20          void main()
  21          {
  22   1              int x = 16,y = 0;
  23   1              while(1)
  24   1              {
  25   2                      P1 = deng[y];
  26   2                      while(x--)
  27   2                      {
  28   3                              P1 = _crol_(P1,1);
  29   3                              delay(20);
  30   3                      }
  31   2                      x = 16;
  32   2                      y ++;
  33   2                      if(y == 8) y = 0;
  34   2              }
  35   1      }


MODULE INFORMATION:   STATIC OVERLAYABLE
   CODE SIZE        =     99    ----
   CONSTANT SIZE    =   ----    ----
   XDATA SIZE       =   ----    ----
   PDATA SIZE       =   ----    ----
   DATA SIZE        =      8    ----
   IDATA SIZE       =   ----    ----
   BIT SIZE         =   ----    ----
END OF MODULE INFORMATION.


C51 COMPILATION COMPLETE.  0 WARNING(S),  0 ERROR(S)
