C51 COMPILER V9.54   ________                                                              12/28/2018 15:29:15 PAGE 1   


C51 COMPILER V9.54, COMPILATION OF MODULE ________
OBJECT MODULE PLACED IN .\Listings\∂¿¡¢º¸≈Ã.obj
COMPILER INVOKED BY: D:\software\KEILC51\C51\BIN\C51.EXE ∂¿¡¢º¸≈Ã.c OPTIMIZE(8,SPEED) BROWSE DEBUG OBJECTEXTEND PRINT(.\
                    -Listings\∂¿¡¢º¸≈Ã.lst) TABS(2) OBJECT(.\Listings\∂¿¡¢º¸≈Ã.obj)

line level    source

   1          #include<stdio.h>
   2          #include<reg52.h>
   3          #include<intrins.h>
   4          #define uchar unsigned char
   5          #define uint  unsigned int
   6            
   7          sbit we = P2^7;
   8          sbit du = P2^6;
   9          sbit key1 = P3^0;
  10          sbit key2 = P3^1;
  11          sbit key3 = P3^2;
  12          sbit key4 = P3^3;
  13          
  14          uchar num1,num2;
  15          uchar leddata[]=
  16          {  
  17                          0x3F,  //"0"
  18                          0x06,  //"1"
  19                          0x5B,  //"2"
  20                          0x4F,  //"3"
  21                          0x66,  //"4"
  22                          0x6D,  //"5"
  23                          0x7D,  //"6"
  24                          0x07,  //"7"
  25                          0x7F,  //"8"
  26                          0x6F,  //"9"
  27                          0x77,  //"A"
  28                          0x7C,  //"B"
  29                          0x39,  //"C"
  30                          0x5E,  //"D"
  31                          0x79,  //"E"
  32                          0x71,  //"F"
  33                          0x76,  //"H"
  34                          0x38,  //"L"
  35                          0x37,  //"n"
  36                          0x3E,  //"u"
  37                          0x73,  //"P"
  38                          0x5C,  //"o"
  39                          0x40,  //"-"
  40                          0x00,  //??
  41                          0x00  //???
  42           };
  43          
  44          void delay(uint x)
  45          {
  46   1        int i,j;
  47   1        for(i = x;i > 0;i --)
  48   1          for(j = 114;j > 0;j --);
  49   1      }
  50          
  51          void play(int x)
  52          {
  53   1        int a,b;
  54   1        a = x / 10;
C51 COMPILER V9.54   ________                                                              12/28/2018 15:29:15 PAGE 2   

  55   1        b = x % 10;
  56   1        
  57   1        we = 1;
  58   1        P0 = 0xfe;
  59   1        we = 0;
  60   1        
  61   1        du = 1;
  62   1        P0 = leddata[a];
  63   1        du = 0;
  64   1        delay(1);
  65   1        
  66   1        we = 1;
  67   1        P0 = 0xfd;
  68   1        we = 0;
  69   1        
  70   1        du = 1;
  71   1        P0 = leddata[b];
  72   1        du = 0;
  73   1        delay(1);
  74   1      }
  75          
  76          void init_start()
  77          {
  78   1        TMOD = 0X01;
  79   1        TH0 = (65535 - 45872) / 256;
  80   1        TL0 = (65535 - 45872) % 256;
  81   1        EA = 1;
  82   1        ET0 = 1;
  83   1      }
  84          
  85          void scan()
  86          {
  87   1        if(key1 == 0)
  88   1        {
  89   2          delay(10);
  90   2          if(key1 == 0)
  91   2          {
  92   3            num2 ++;
  93   3            while(!key1);
  94   3          }
  95   2        }
  96   1        
  97   1        if(key2 == 0)
  98   1        {
  99   2          delay(10);
 100   2          if(key2 == 0)
 101   2          {
 102   3            num2 --;
 103   3            while(!key2);
 104   3          }
 105   2        }
 106   1        
 107   1        if(key3 == 0)
 108   1        {
 109   2          delay(10);
 110   2          if(key3 == 0)
 111   2          {
 112   3            TR0 = ~TR0;
 113   3            while(!key3);
 114   3          }
 115   2        }
 116   1        
C51 COMPILER V9.54   ________                                                              12/28/2018 15:29:15 PAGE 3   

 117   1        if(key4 == 0)
 118   1        {
 119   2          delay(10);
 120   2          if(key4 == 0)
 121   2          {
 122   3            num2 = 0;
 123   3            while(!key4);
 124   3          }
 125   2        }
 126   1      }
 127          
 128          void main()
 129          {
 130   1        init_start();
 131   1        while(1)
 132   1        {
 133   2          scan();
 134   2          play(num2);
 135   2        }
 136   1      }
 137          
 138          void T0_time() interrupt 1
 139          {
 140   1        TH0 = (65535 - 45872) / 256;
 141   1        TL0 = (65535 - 45872) % 256;
 142   1        num1 ++;
 143   1        if(num1 == 20)
 144   1        {
 145   2          num1 = 0;
 146   2          num2 ++;
 147   2          if(num2 == 60)
 148   2          {
 149   3            num2 = 0;
 150   3          }
 151   2        }
 152   1      } 


MODULE INFORMATION:   STATIC OVERLAYABLE
   CODE SIZE        =    240    ----
   CONSTANT SIZE    =   ----    ----
   XDATA SIZE       =   ----    ----
   PDATA SIZE       =   ----    ----
   DATA SIZE        =     27    ----
   IDATA SIZE       =   ----    ----
   BIT SIZE         =   ----    ----
END OF MODULE INFORMATION.


C51 COMPILATION COMPLETE.  0 WARNING(S),  0 ERROR(S)
