C51 COMPILER V9.54   ____                                                                  03/09/2018 16:13:21 PAGE 1   


C51 COMPILER V9.54, COMPILATION OF MODULE ____
OBJECT MODULE PLACED IN .\Objects\中断.obj
COMPILER INVOKED BY: D:\ruanjizn\keli\C51\BIN\C51.EXE 中断.c OPTIMIZE(8,SPEED) BROWSE DEBUG OBJECTEXTEND PRINT(.\Listing
                    -s\中断.lst) TABS(2) OBJECT(.\Objects\中断.obj)

line level    source

   1          #include<reg52.h>
   2          #include<intrins.h>
   3          #define uchar unsigned char
   4          #define uint  unsigned int
   5          sbit du = P2^6;
   6          sbit we = P2^7;
   7          uchar num1;
   8          uchar num2;
   9          unsigned char leddata[]=
  10          {  
  11                          0x3F,  //"0"
  12                          0x06,  //"1"
  13                          0x5B,  //"2"
  14                          0x4F,  //"3"
  15                          0x66,  //"4"
  16                          0x6D,  //"5"
  17                          0x7D,  //"6"
  18                          0x07,  //"7"
  19                          0x7F,  //"8"
  20                          0x6F,  //"9"
  21                          0x77,  //"A"
  22                          0x7C,  //"B"
  23                          0x39,  //"C"
  24                          0x5E,  //"D"
  25                          0x79,  //"E"
  26                          0x71,  //"F"
  27                          0x76,  //"H"
  28                          0x38,  //"L"
  29                          0x37,  //"n"
  30                          0x3E,  //"u"
  31                          0x73,  //"P"
  32                          0x5C,  //"o"
  33                          0x40,  //"-"
  34                          0x00,  //??
  35                          0x00  //???
  36           };
  37          unsigned char  wei[]=
  38          {  
  39                          0xfe,//??
  40                          0xfd,//??
  41                          0xfb,//??
  42                          0xf7,//??
  43                          0xef,//??
  44                          0xdf,//??
  45                          0xbf,//??
  46                          0x7f //??                
  47          };
  48          
  49          void init_start()
  50          {
  51   1        TMOD = 0x01;
  52   1        TH0 = (65535 - 45872) / 256;
  53   1        TL0 = (65535 - 45876) % 256;
  54   1        EA = 1;
C51 COMPILER V9.54   ____                                                                  03/09/2018 16:13:21 PAGE 2   

  55   1        ET0 = 1;
  56   1        TR0 = 1;
  57   1      }
  58          
  59          void delay(int x)
  60          {
  61   1        int i,j;
  62   1        for(i = x;i > 0;i --)
  63   1          for(j = 114;j > 0;j --);
  64   1      }
  65          
  66          void play()
  67          {
  68   1        if(num2 <= 10)
  69   1        {
  70   2          int b,c;
  71   2          
  72   2          b = num2 / 10;
  73   2          c = num2 % 10;
  74   2          
  75   2          we = 1;
  76   2          P0 = wei[0];
  77   2          we = 0;
  78   2          P0 = 0xff;
  79   2            
  80   2          du = 1;
  81   2          P0 = leddata[b];
  82   2          du = 0;
  83   2          P0 = 0xff;
  84   2          
  85   2          delay(2);
  86   2          
  87   2          we = 1;
  88   2          P0 = wei[1];
  89   2          we = 0;
  90   2          P0 = 0xff;
  91   2            
  92   2          du = 1;
  93   2          P0 = leddata[c];
  94   2          du = 0;
  95   2          P0 = 0xff;
  96   2          
  97   2          delay(2);
  98   2        }
  99   1        else 
 100   1        {
 101   2          num2 = 0;
 102   2          P1 = _crol_(P1,1);
 103   2        } 
 104   1      }
 105          
 106          void main()
 107          {
 108   1        P1 = 0xfe;
 109   1        init_start();
 110   1        while(1)
 111   1        {
 112   2          play();
 113   2        }
 114   1      }
 115          
 116          void T0_time() interrupt 1
C51 COMPILER V9.54   ____                                                                  03/09/2018 16:13:21 PAGE 3   

 117          {
 118   1        TH0 = (65535 - 45872) / 256;
 119   1        TL0 = (65535 - 45876) % 256;
 120   1        num1 ++;
 121   1        if(num1 == 2)
 122   1        {
 123   2          num1 = 0;
 124   2          num2 ++;
 125   2        }
 126   1      }


MODULE INFORMATION:   STATIC OVERLAYABLE
   CODE SIZE        =    198    ----
   CONSTANT SIZE    =   ----    ----
   XDATA SIZE       =   ----    ----
   PDATA SIZE       =   ----    ----
   DATA SIZE        =     35       4
   IDATA SIZE       =   ----    ----
   BIT SIZE         =   ----    ----
END OF MODULE INFORMATION.


C51 COMPILATION COMPLETE.  0 WARNING(S),  0 ERROR(S)
