C51 COMPILER V9.54   ____________                                                          03/17/2018 20:19:15 PAGE 1   


C51 COMPILER V9.54, COMPILATION OF MODULE ____________
OBJECT MODULE PLACED IN .\Objects\独立键盘之二.obj
COMPILER INVOKED BY: D:\ruanjizn\keli\C51\BIN\C51.EXE 独立键盘之二.c OPTIMIZE(8,SPEED) BROWSE DEBUG OBJECTEXTEND PRINT(.
                    -\Listings\独立键盘之二.lst) TABS(2) OBJECT(.\Objects\独立键盘之二.obj)

line level    source

   1          #include<stdio.h>
   2          #include<reg52.h>
   3          #include<intrins.h>
   4          #define uchar unsigned char
   5          #define uint  unsigned int
   6            
   7          sbit we = P2^7;
   8          sbit du = P2^6;
   9          sbit key1 = P3^0;
  10          sbit key2 = P3^1;
  11          sbit key3 = P3^2;
  12          sbit key4 = P3^3;
  13          
  14          void delay(uint x)
  15          {
  16   1        int i,j;
  17   1        for(i = x;i > 0;i --)
  18   1          for(j = 114;j > 0;j --);
  19   1      }
  20          
  21          int s1()
  22          {
  23   1        if(key1 == 0)
  24   1        {
  25   2          delay(10);
  26   2          if(key1 == 0) return 1;
  27   2        }
  28   1        return 0;
  29   1      }
  30          
  31          int s2()
  32          {
  33   1        if(key2 == 0)
  34   1        {
  35   2          delay(10);
  36   2          if(key2 == 0) return 1;
  37   2        }
  38   1        return 0;
  39   1      }
  40          
  41          int s3()
  42          {
  43   1        if(key3 == 0)
  44   1        {
  45   2          delay(10);
  46   2          if(key3 == 0) return 1;
  47   2        }
  48   1        return 0;
  49   1      }
  50          
  51          int s4()
  52          {
  53   1        if(key4 == 0)
  54   1        {
C51 COMPILER V9.54   ____________                                                          03/17/2018 20:19:15 PAGE 2   

  55   2          delay(10);
  56   2          if(key4 == 0) return 1;
  57   2        }
  58   1        return 0;
  59   1      }
  60          
  61          void d1()
  62          {
  63   1        while((!s1())&&(!s2())&&(!s3())&&(!s4()))
  64   1        {
  65   2          P1 = _crol_(P1,1);
  66   2          delay(200);
  67   2        }
  68   1      }
  69          
  70          void d2()
  71          {
  72   1        while((!s1())&&(!s2())&&(!s3())&&(!s4()))
  73   1        {
  74   2          P1 = _cror_(P1,1);
  75   2          delay(200);
  76   2        }
  77   1      }
  78          
  79          void d3()
  80          {
  81   1        while((!s1())&&(!s2())&&(!s3())&&(!s4()))
  82   1        {
  83   2          P1 = _crol_(P1,3);
  84   2          delay(200);
  85   2        }
  86   1      }
  87          
  88          void d4()
  89          {
  90   1        while((!s1())&&(!s2())&&(!s3())&&(!s4()))
  91   1        {
  92   2          P1 = _cror_(P1,3);
  93   2          delay(200);
  94   2        }
  95   1      }
  96          
  97          void scan()
  98          {
  99   1        while(1)
 100   1        {
 101   2          if(s1())
 102   2            if(!s1())
 103   2            {
 104   3              P1 = 0xfe;
 105   3              d1();
 106   3            }
 107   2          if(s2())
 108   2            if(!s2())
 109   2            {
 110   3              P1 = 0x7f;
 111   3              d2();
 112   3            }
 113   2          if(s3())
 114   2            if(!s3())
 115   2            {
 116   3              P1 = 0xfe;
C51 COMPILER V9.54   ____________                                                          03/17/2018 20:19:15 PAGE 3   

 117   3              d3();
 118   3            }
 119   2          if(s4())
 120   2            if(!s4())
 121   2            {
 122   3              P1 = 0x7f;
 123   3              d4();
 124   3            }
 125   2        }
 126   1        
 127   1      }
 128          
 129          void main()
 130          {
 131   1        scan();
 132   1      }


MODULE INFORMATION:   STATIC OVERLAYABLE
   CODE SIZE        =    391    ----
   CONSTANT SIZE    =   ----    ----
   XDATA SIZE       =   ----    ----
   PDATA SIZE       =   ----    ----
   DATA SIZE        =   ----    ----
   IDATA SIZE       =   ----    ----
   BIT SIZE         =   ----    ----
END OF MODULE INFORMATION.


C51 COMPILATION COMPLETE.  0 WARNING(S),  0 ERROR(S)
