C51 COMPILER V9.59.0.0   ________                                                          05/04/2019 21:28:34 PAGE 1   


C51 COMPILER V9.59.0.0, COMPILATION OF MODULE ________
OBJECT MODULE PLACED IN 测距程序.OBJ
COMPILER INVOKED BY: E:\software_part2\MDK\C51\BIN\C51.EXE 测距程序.C OPTIMIZE(8,SPEED) BROWSE DEBUG OBJECTEXTEND

line level    source

   1          
   2          //接线：模块TRIG接 P1.2  ECH0 接P1.1
   3          //串口波特率9600
   4          /*********************************************************************************************************
             -**/          
   5                  #include   <reg52.h>
   6                  #include   <intrins.h>
   7                  #include <stdio.h>
   8                  sbit  Echo  = P1^0;
   9              sbit  Trig  = P1^1;
  10                  unsigned int  time=0;
  11                  unsigned int  timer=0;
  12                  float         S=0;
  13                  int C = 0;
  14              bit           flag =0;
  15                  
  16          
  17          /********************************************************/
  18              void Conut(void)
  19                  {
  20   1               time=TH0*256+TL0;
  21   1               TH0=0;
  22   1               TL0=0;
  23   1               S=(time*1.87)/100;     //算出来是mm
  24   1               C = S/10;
  25   1              if(flag==1)                 //超出测量
  26   1               {
  27   2                flag=0;
  28   2               }
  29   1                printf("%d %d\n",S,C); 
  30   1              }
  31          /********************************************************/ 
  32          void delayms(unsigned int ms)
  33          {
  34   1              unsigned char i=100,j;
  35   1              for(;ms;ms--)
  36   1              {
  37   2                      while(--i)
  38   2                      {
  39   3                              j=10;
  40   3                              while(--j);
  41   3                      }
  42   2              }
  43   1      }
  44          /********************************************************/
  45               void zd0() interrupt 1              //T0中断用来计数器溢出,超过测距范围
  46            {
  47   1          flag=1;                                                      //中断溢出标志
  48   1        }
  49          /********************************************************/
  50             void  StartModule()                   //T1中断用来扫描数码管和计800MS启动模块
  51            {
  52   1                Trig=1;                                        //800MS  启动一次模块
  53   1                _nop_(); 
  54   1                _nop_(); 
C51 COMPILER V9.59.0.0   ________                                                          05/04/2019 21:28:34 PAGE 2   

  55   1                _nop_(); 
  56   1                _nop_(); 
  57   1                _nop_(); 
  58   1                _nop_(); 
  59   1                _nop_(); 
  60   1                _nop_(); 
  61   1                _nop_(); 
  62   1                _nop_(); 
  63   1                _nop_(); 
  64   1                Trig=0;
  65   1        }
  66          /********************************************************/
  67          void main(void)
  68          {  
  69   1          TMOD=0x21;             //设T0为方式1，GATE=1；
  70   1              SCON=0x50;
  71   1              TH1=0xFD;
  72   1              TL1=0xFD;
  73   1              TH0=0;
  74   1              TL0=0; 
  75   1              TR0=1;  
  76   1              ET0=1;             //允许T0中断
  77   1              TR1=1;                     //开启定时器
  78   1              TI=1;
  79   1      
  80   1              EA=1;                      //开启总中断
  81   1      
  82   1      
  83   1              while(1)
  84   1              {
  85   2               StartModule();
  86   2               while(!Echo);          //当Echo为零时等待
  87   2               TR0=1;                     //开启计数
  88   2               while(Echo);                   //当Echo为1计数并等待
  89   2               TR0=0;                         //关闭计数
  90   2           Conut();                   //计算
  91   2               delayms(100);          //100MS
  92   2      
  93   2              }
  94   1      
  95   1      }              


MODULE INFORMATION:   STATIC OVERLAYABLE
   CODE SIZE        =    203    ----
   CONSTANT SIZE    =      7    ----
   XDATA SIZE       =   ----    ----
   PDATA SIZE       =   ----    ----
   DATA SIZE        =     10    ----
   IDATA SIZE       =   ----    ----
   BIT SIZE         =      1    ----
END OF MODULE INFORMATION.


C51 COMPILATION COMPLETE.  0 WARNING(S),  0 ERROR(S)
