C51 COMPILER V9.54   ______                                                                09/20/2018 18:59:59 PAGE 1   


C51 COMPILER V9.54, COMPILATION OF MODULE ______
OBJECT MODULE PLACED IN .\Objects\心形灯.obj
COMPILER INVOKED BY: D:\software\KEILC51\C51\BIN\C51.EXE 心形灯.c OPTIMIZE(8,SPEED) BROWSE DEBUG OBJECTEXTEND PRINT(.\Li
                    -stings\心形灯.lst) TABS(2) OBJECT(.\Objects\心形灯.obj)

line level    source

   1          #include<reg52.h>
   2          #include<intrins.h>
   3          void main()
   4          {
   5   1        P0 = 0;
   6   1        P1 = 0;
   7   1        P2 = 0;
   8   1        P3 = 0;
   9   1      }


MODULE INFORMATION:   STATIC OVERLAYABLE
   CODE SIZE        =     10    ----
   CONSTANT SIZE    =   ----    ----
   XDATA SIZE       =   ----    ----
   PDATA SIZE       =   ----    ----
   DATA SIZE        =   ----    ----
   IDATA SIZE       =   ----    ----
   BIT SIZE         =   ----    ----
END OF MODULE INFORMATION.


C51 COMPILATION COMPLETE.  0 WARNING(S),  0 ERROR(S)
