C51 COMPILER V9.59.0.0   ________                                                          05/04/2019 21:40:01 PAGE 1   


C51 COMPILER V9.59.0.0, COMPILATION OF MODULE ________
OBJECT MODULE PLACED IN 测距程序.OBJ
COMPILER INVOKED BY: E:\software_part2\MDK\C51\BIN\C51.EXE 测距程序.C OPTIMIZE(8,SPEED) BROWSE DEBUG OBJECTEXTEND

line level    source

   1          /*********************************************************************************************************
             -**/
   2          //HC-SR04 超声波测距模块 DEMO 程序
   3          //晶振：11。0592
   4          //接线：模块TRIG接 P1.2  ECH0 接P1.1
   5          //串口波特率9600
   6          /*********************************************************************************************************
             -**/          
   7                  #include   <reg52.H>
   8                  #include   <intrins.h>
   9              #include   <STDIO.H>
  10          
  11              #define uchar unsigned  char
  12              #define uint  unsigned   int  
  13                  sbit  RX = P1^1;
  14              sbit  TX = P1^2;
  15            
  16          
  17                  unsigned int  time=0;
  18                  unsigned int  timer=0;
  19                  float         S=0;
  20                  int           I = 0;
  21              bit           flag =0;
  22                  
  23          
  24          /********************************************************/
  25              void Conut(void)
  26                  {
  27   1               time=TH0*256+TL0;
  28   1               TH0=0;
  29   1               TL0=0;
  30   1               S=(time*1.87)/100;     //算出来是CM
  31   1               I =10 * S;
  32   1               if(flag==1)                //超出测量
  33   1               {
  34   2                flag=0;
  35   2               }
  36   1      
  37   1                printf("%d ",I); 
  38   1              }
  39          /********************************************************/ 
  40          void delayms(unsigned int ms)
  41          {
  42   1              unsigned char i=100,j;
  43   1              for(;ms;ms--)
  44   1              {
  45   2                      while(--i)
  46   2                      {
  47   3                              j=10;
  48   3                              while(--j);
  49   3                      }
  50   2              }
  51   1      }
  52          /********************************************************/
  53               void zd0() interrupt 1              //T0中断用来计数器溢出,超过测距范围
C51 COMPILER V9.59.0.0   ________                                                          05/04/2019 21:40:01 PAGE 2   

  54            {
  55   1          flag=1;                                                      //中断溢出标志
  56   1        }
  57          /********************************************************/
  58             void  StartModule()                   //T1中断用来扫描数码管和计800MS启动模块
  59            {
  60   1                TX=1;                                  //800MS  启动一次模块
  61   1                _nop_(); 
  62   1                _nop_(); 
  63   1                _nop_(); 
  64   1                _nop_(); 
  65   1                _nop_(); 
  66   1                _nop_(); 
  67   1                _nop_();
  68   1                _nop_(); 
  69   1                _nop_(); 
  70   1                _nop_(); 
  71   1                _nop_();
  72   1                TX=0;
  73   1        }
  74          /********************************************************/
  75          void main(void)
  76          {  
  77   1          TMOD=0x21;             //设T0为方式1，GATE=1；
  78   1              SCON=0x50;
  79   1              TH1=0xFD;
  80   1              TL1=0xFD;
  81   1              TH0=0;
  82   1              TL0=0; 
  83   1              TR0=1;  
  84   1              ET0=1;             //允许T0中断
  85   1              TR1=1;                     //开启定时器
  86   1              TI=1;
  87   1      
  88   1              EA=1;                      //开启总中断
  89   1      
  90   1      
  91   1              while(1)
  92   1              {
  93   2               StartModule();
  94   2               while(!RX);            //当RX为零时等待
  95   2               TR0=1;                     //开启计数
  96   2               while(RX);                     //当RX为1计数并等待
  97   2               TR0=0;                         //关闭计数
  98   2           Conut();                   //计算
  99   2               delayms(100);          //100MS
 100   2      
 101   2              }
 102   1      
 103   1      }              


MODULE INFORMATION:   STATIC OVERLAYABLE
   CODE SIZE        =    199    ----
   CONSTANT SIZE    =      4    ----
   XDATA SIZE       =   ----    ----
   PDATA SIZE       =   ----    ----
   DATA SIZE        =     10    ----
   IDATA SIZE       =   ----    ----
   BIT SIZE         =      1    ----
END OF MODULE INFORMATION.


C51 COMPILATION COMPLETE.  0 WARNING(S),  0 ERROR(S)
